<?xml version="1.0" encoding="UTF-8"?>
<!-- Generated by org.testng.reporters.JUnitReportReporter -->
<testsuite hostname="DESKTOP-GUU5RKL" failures="0" tests="1" name="test.com.TestNg" time="0.009" errors="0" timestamp="2022-07-20T14:46:53 IST" skipped="0">
  <testcase classname="test.com.TestNg" name="sam" time="0.009"/>
  <system-out/>
</testsuite> <!-- test.com.TestNg -->
